INFO: [VRFC 10-2263] Analyzing Verilog file "C:/Users/ahmed/Desktop/allllllll/hany/hany.srcs/sources_1/new/micro_processor.v" into library xil_defaultlib
INFO: [VRFC 10-311] analyzing module AC_Reg
INFO: [VRFC 10-311] analyzing module AR_Reg
INFO: [VRFC 10-311] analyzing module DR_Reg
INFO: [VRFC 10-311] analyzing module IR_Reg
INFO: [VRFC 10-311] analyzing module PC_Reg
INFO: [VRFC 10-311] analyzing module RAM_8x4bit
INFO: [VRFC 10-311] analyzing module Sequence_Counter3Bit2
INFO: [VRFC 10-311] analyzing module Decoder3x8
INFO: [VRFC 10-311] analyzing module ControlUnit
INFO: [VRFC 10-311] analyzing module AC_ControlSingal
INFO: [VRFC 10-311] analyzing module AR_ControlSingal
INFO: [VRFC 10-311] analyzing module DR_ControlSingal
INFO: [VRFC 10-311] analyzing module IR_ControlSingal
INFO: [VRFC 10-311] analyzing module PC_ControlSingal
INFO: [VRFC 10-311] analyzing module CommonBus_ControlSignal
INFO: [VRFC 10-311] analyzing module Selections
INFO: [VRFC 10-311] analyzing module RAM_Control_Signal
INFO: [VRFC 10-311] analyzing module Instructions_ControlSignal
INFO: [VRFC 10-311] analyzing module SC_ControlSignal
INFO: [VRFC 10-311] analyzing module AdderAndLogic4
WARNING: [VRFC 10-2292] extra semicolon is not allowed here in this dialect. Use SystemVerilog mode [C:/Users/ahmed/Desktop/allllllll/hany/hany.srcs/sources_1/new/micro_processor.v:448]
INFO: [VRFC 10-311] analyzing module BUS_SEL
INFO: [VRFC 10-311] analyzing module MUX_8to1
INFO: [VRFC 10-311] analyzing module Micro_Computer
INFO: [VRFC 10-311] analyzing module Micro_Computer_tb
