#-----------------------------------------------------------
# Vivado v2018.2 (64-bit)
# SW Build 2258646 on Thu Jun 14 20:03:12 MDT 2018
# IP Build 2256618 on Thu Jun 14 22:10:49 MDT 2018
# Start of session at: Wed May  8 23:31:37 2024
# Process ID: 4680
# Current directory: C:/Users/ahmed/Desktop/hany1
# Command line: vivado.exe -gui_launcher_event rodinguilauncherevent18792 C:\Users\ahmed\Desktop\hany1\hany1.xpr
# Log file: C:/Users/ahmed/Desktop/hany1/vivado.log
# Journal file: C:/Users/ahmed/Desktop/hany1\vivado.jou
#-----------------------------------------------------------
start_gui
open_project C:/Users/ahmed/Desktop/hany1/hany1.xpr
Scanning sources...
Finished scanning sources
INFO: [IP_Flow 19-234] Refreshing IP repositories
INFO: [IP_Flow 19-1704] No user IP repositories specified
INFO: [IP_Flow 19-2313] Loaded Vivado IP repository 'D:/Xilinx/Vivado/2018.2/data/ip'.
open_project: Time (s): cpu = 00:00:17 ; elapsed = 00:00:12 . Memory (MB): peak = 852.102 ; gain = 107.082
update_compile_order -fileset sources_1
